[22:30:09] [31merror[39m: Dispatch failed for request 57f7721e-240e-4f69-b891-5b678a33a389: No ambulances available at this time
[12:29:42] [31merror[39m: [Email Service] Failed to send verification email to citizen-61887@medlinka.ug: Invalid login: 535-5.7.8 Username and Password not accepted. For more information, go to
535 5.7.8  https://support.google.com/mail/?p=BadCredentials ffacd0b85a97d-45eaa7dab28sm1588950f8f.12 - gsmtp {"code":"EAUTH","response":"535-5.7.8 Username and Password not accepted. For more information, go to\n535 5.7.8  https://support.google.com/mail/?p=BadCredentials ffacd0b85a97d-45eaa7dab28sm1588950f8f.12 - gsmtp","responseCode":535,"command":"AUTH PLAIN","stack":"Error: Invalid login: 535-5.7.8 Username and Password not accepted. For more information, go to\n535 5.7.8  https://support.google.com/mail/?p=BadCredentials ffacd0b85a97d-45eaa7dab28sm1588950f8f.12 - gsmtp\n    at SMTPConnection._formatError (C:\\Users\\niyik\\OneDrive\\Desktop\\MedLinka\\server\\node_modules\\nodemailer\\lib\\smtp-connection\\index.js:887:19)\n    at SMTPConnection._actionAUTHComplete (C:\\Users\\niyik\\OneDrive\\Desktop\\MedLinka\\server\\node_modules\\nodemailer\\lib\\smtp-connection\\index.js:1695:34)\n    at SMTPConnection.<anonymous> (C:\\Users\\niyik\\OneDrive\\Desktop\\MedLinka\\server\\node_modules\\nodemailer\\lib\\smtp-connection\\index.js:626:26)\n    at SMTPConnection._processResponse (C:\\Users\\niyik\\OneDrive\\Desktop\\MedLinka\\server\\node_modules\\nodemailer\\lib\\smtp-connection\\index.js:1072:20)\n    at SMTPConnection._onData (C:\\Users\\niyik\\OneDrive\\Desktop\\MedLinka\\server\\node_modules\\nodemailer\\lib\\smtp-connection\\index.js:847:14)\n    at TLSSocket.SMTPConnection._onSocketData (C:\\Users\\niyik\\OneDrive\\Desktop\\MedLinka\\server\\node_modules\\nodemailer\\lib\\smtp-connection\\index.js:217:44)\n    at TLSSocket.emit (node:events:518:28)\n    at addChunk (node:internal/streams/readable:561:12)\n    at readableAddChunkPushByteMode (node:internal/streams/readable:512:3)\n    at TLSSocket.Readable.push (node:internal/streams/readable:392:5)\n    at TLSWrap.onStreamRead (node:internal/stream_base_commons:189:23)"}
[12:29:42] [31merror[39m: Failed to send registration email to citizen-61887@medlinka.ug: Could not send verification email. Please try again. {"stack":"Error: Could not send verification email. Please try again.\n    at Object.sendVerificationEmail (C:\\Users\\niyik\\OneDrive\\Desktop\\MedLinka\\server\\src\\utils\\email.service.ts:48:19)\n    at processTicksAndRejections (node:internal/process/task_queues:105:5)"}
[12:29:42] [31merror[39m: Dispatch failed for request 228fb188-d46f-44e6-ab2a-32ab65f5bcef: No ambulances available at this time
[12:29:42] [31merror[39m: Unhandled error: Socket.io not initialised {"stack":"Error: Socket.io not initialised\n    at getIO (C:\\Users\\niyik\\OneDrive\\Desktop\\MedLinka\\server\\src\\sockets\\socket.ts:140:18)\n    at Object.updateStatus (C:\\Users\\niyik\\OneDrive\\Desktop\\MedLinka\\server\\src\\modules\\sos\\sos.service.ts:144:21)\n    at cancel (C:\\Users\\niyik\\OneDrive\\Desktop\\MedLinka\\server\\src\\modules\\sos\\sos.controller.ts:41:23)"}
[12:30:08] [31merror[39m: Dispatch failed for request 77e9b6c3-7814-40eb-b947-ad4cf4e21a86: No ambulances available at this time
[12:30:13] [31merror[39m: [Email Service] Failed to send verification email to citizen-76419@medlinka.ug: Invalid login: 535-5.7.8 Username and Password not accepted. For more information, go to
535 5.7.8  https://support.google.com/mail/?p=BadCredentials 5b1f17b1804b1-49035c2159esm12294315e9.4 - gsmtp {"code":"EAUTH","response":"535-5.7.8 Username and Password not accepted. For more information, go to\n535 5.7.8  https://support.google.com/mail/?p=BadCredentials 5b1f17b1804b1-49035c2159esm12294315e9.4 - gsmtp","responseCode":535,"command":"AUTH PLAIN","stack":"Error: Invalid login: 535-5.7.8 Username and Password not accepted. For more information, go to\n535 5.7.8  https://support.google.com/mail/?p=BadCredentials 5b1f17b1804b1-49035c2159esm12294315e9.4 - gsmtp\n    at SMTPConnection._formatError (C:\\Users\\niyik\\OneDrive\\Desktop\\MedLinka\\server\\node_modules\\nodemailer\\lib\\smtp-connection\\index.js:887:19)\n    at SMTPConnection._actionAUTHComplete (C:\\Users\\niyik\\OneDrive\\Desktop\\MedLinka\\server\\node_modules\\nodemailer\\lib\\smtp-connection\\index.js:1695:34)\n    at SMTPConnection.<anonymous> (C:\\Users\\niyik\\OneDrive\\Desktop\\MedLinka\\server\\node_modules\\nodemailer\\lib\\smtp-connection\\index.js:626:26)\n    at SMTPConnection._processResponse (C:\\Users\\niyik\\OneDrive\\Desktop\\MedLinka\\server\\node_modules\\nodemailer\\lib\\smtp-connection\\index.js:1072:20)\n    at SMTPConnection._onData (C:\\Users\\niyik\\OneDrive\\Desktop\\MedLinka\\server\\node_modules\\nodemailer\\lib\\smtp-connection\\index.js:847:14)\n    at TLSSocket.SMTPConnection._onSocketData (C:\\Users\\niyik\\OneDrive\\Desktop\\MedLinka\\server\\node_modules\\nodemailer\\lib\\smtp-connection\\index.js:217:44)\n    at TLSSocket.emit (node:events:518:28)\n    at addChunk (node:internal/streams/readable:561:12)\n    at readableAddChunkPushByteMode (node:internal/streams/readable:512:3)\n    at TLSSocket.Readable.push (node:internal/streams/readable:392:5)\n    at TLSWrap.onStreamRead (node:internal/stream_base_commons:189:23)"}
[12:30:13] [31merror[39m: Failed to send registration email to citizen-76419@medlinka.ug: Could not send verification email. Please try again. {"stack":"Error: Could not send verification email. Please try again.\n    at Object.sendVerificationEmail (C:\\Users\\niyik\\OneDrive\\Desktop\\MedLinka\\server\\src\\utils\\email.service.ts:48:19)\n    at processTicksAndRejections (node:internal/process/task_queues:105:5)"}
[12:42:39] [31merror[39m: Dispatch failed for request 0ad301e1-cb4f-4f4a-b8f8-bd196585af56: No ambulances available at this time
[12:42:44] [31merror[39m: [Email Service] Failed to send verification email to citizen-52777@medlinka.ug: Invalid login: 535-5.7.8 Username and Password not accepted. For more information, go to
535 5.7.8  https://support.google.com/mail/?p=BadCredentials ffacd0b85a97d-45eaa7cf23bsm1468341f8f.5 - gsmtp {"code":"EAUTH","response":"535-5.7.8 Username and Password not accepted. For more information, go to\n535 5.7.8  https://support.google.com/mail/?p=BadCredentials ffacd0b85a97d-45eaa7cf23bsm1468341f8f.5 - gsmtp","responseCode":535,"command":"AUTH PLAIN","stack":"Error: Invalid login: 535-5.7.8 Username and Password not accepted. For more information, go to\n535 5.7.8  https://support.google.com/mail/?p=BadCredentials ffacd0b85a97d-45eaa7cf23bsm1468341f8f.5 - gsmtp\n    at SMTPConnection._formatError (C:\\Users\\niyik\\OneDrive\\Desktop\\MedLinka\\server\\node_modules\\nodemailer\\lib\\smtp-connection\\index.js:887:19)\n    at SMTPConnection._actionAUTHComplete (C:\\Users\\niyik\\OneDrive\\Desktop\\MedLinka\\server\\node_modules\\nodemailer\\lib\\smtp-connection\\index.js:1695:34)\n    at SMTPConnection.<anonymous> (C:\\Users\\niyik\\OneDrive\\Desktop\\MedLinka\\server\\node_modules\\nodemailer\\lib\\smtp-connection\\index.js:626:26)\n    at SMTPConnection._processResponse (C:\\Users\\niyik\\OneDrive\\Desktop\\MedLinka\\server\\node_modules\\nodemailer\\lib\\smtp-connection\\index.js:1072:20)\n    at SMTPConnection._onData (C:\\Users\\niyik\\OneDrive\\Desktop\\MedLinka\\server\\node_modules\\nodemailer\\lib\\smtp-connection\\index.js:847:14)\n    at TLSSocket.SMTPConnection._onSocketData (C:\\Users\\niyik\\OneDrive\\Desktop\\MedLinka\\server\\node_modules\\nodemailer\\lib\\smtp-connection\\index.js:217:44)\n    at TLSSocket.emit (node:events:518:28)\n    at addChunk (node:internal/streams/readable:561:12)\n    at readableAddChunkPushByteMode (node:internal/streams/readable:512:3)\n    at TLSSocket.Readable.push (node:internal/streams/readable:392:5)\n    at TLSWrap.onStreamRead (node:internal/stream_base_commons:189:23)"}
[12:42:44] [31merror[39m: Failed to send registration email to citizen-52777@medlinka.ug: Could not send verification email. Please try again. {"stack":"Error: Could not send verification email. Please try again.\n    at Object.sendVerificationEmail (C:\\Users\\niyik\\OneDrive\\Desktop\\MedLinka\\server\\src\\utils\\email.service.ts:48:19)\n    at processTicksAndRejections (node:internal/process/task_queues:105:5)"}
[12:48:59] [31merror[39m: [Email Service] Failed to send verification email to citizen-71936@medlinka.ug: Invalid login: 535-5.7.8 Username and Password not accepted. For more information, go to
535 5.7.8  https://support.google.com/mail/?p=BadCredentials 5b1f17b1804b1-49033d52c8bsm58559115e9.8 - gsmtp {"code":"EAUTH","response":"535-5.7.8 Username and Password not accepted. For more information, go to\n535 5.7.8  https://support.google.com/mail/?p=BadCredentials 5b1f17b1804b1-49033d52c8bsm58559115e9.8 - gsmtp","responseCode":535,"command":"AUTH PLAIN","stack":"Error: Invalid login: 535-5.7.8 Username and Password not accepted. For more information, go to\n535 5.7.8  https://support.google.com/mail/?p=BadCredentials 5b1f17b1804b1-49033d52c8bsm58559115e9.8 - gsmtp\n    at SMTPConnection._formatError (C:\\Users\\niyik\\OneDrive\\Desktop\\MedLinka\\server\\node_modules\\nodemailer\\lib\\smtp-connection\\index.js:887:19)\n    at SMTPConnection._actionAUTHComplete (C:\\Users\\niyik\\OneDrive\\Desktop\\MedLinka\\server\\node_modules\\nodemailer\\lib\\smtp-connection\\index.js:1695:34)\n    at SMTPConnection.<anonymous> (C:\\Users\\niyik\\OneDrive\\Desktop\\MedLinka\\server\\node_modules\\nodemailer\\lib\\smtp-connection\\index.js:626:26)\n    at SMTPConnection._processResponse (C:\\Users\\niyik\\OneDrive\\Desktop\\MedLinka\\server\\node_modules\\nodemailer\\lib\\smtp-connection\\index.js:1072:20)\n    at SMTPConnection._onData (C:\\Users\\niyik\\OneDrive\\Desktop\\MedLinka\\server\\node_modules\\nodemailer\\lib\\smtp-connection\\index.js:847:14)\n    at TLSSocket.SMTPConnection._onSocketData (C:\\Users\\niyik\\OneDrive\\Desktop\\MedLinka\\server\\node_modules\\nodemailer\\lib\\smtp-connection\\index.js:217:44)\n    at TLSSocket.emit (node:events:518:28)\n    at addChunk (node:internal/streams/readable:561:12)\n    at readableAddChunkPushByteMode (node:internal/streams/readable:512:3)\n    at TLSSocket.Readable.push (node:internal/streams/readable:392:5)\n    at TLSWrap.onStreamRead (node:internal/stream_base_commons:189:23)"}
[12:48:59] [31merror[39m: Failed to send registration email to citizen-71936@medlinka.ug: Could not send verification email. Please try again. {"stack":"Error: Could not send verification email. Please try again.\n    at Object.sendVerificationEmail (C:\\Users\\niyik\\OneDrive\\Desktop\\MedLinka\\server\\src\\utils\\email.service.ts:48:19)\n    at processTicksAndRejections (node:internal/process/task_queues:105:5)"}
[12:49:37] [31merror[39m: Dispatch failed for request 757cda7d-b36b-4264-9aa9-93d9301a6857: Socket.io not initialised
[12:49:43] [31merror[39m: [Email Service] Failed to send verification email to citizen-70037@medlinka.com: Invalid login: 535-5.7.8 Username and Password not accepted. For more information, go to
535 5.7.8  https://support.google.com/mail/?p=BadCredentials 5b1f17b1804b1-49033d34fd4sm54351685e9.2 - gsmtp {"code":"EAUTH","response":"535-5.7.8 Username and Password not accepted. For more information, go to\n535 5.7.8  https://support.google.com/mail/?p=BadCredentials 5b1f17b1804b1-49033d34fd4sm54351685e9.2 - gsmtp","responseCode":535,"command":"AUTH PLAIN","stack":"Error: Invalid login: 535-5.7.8 Username and Password not accepted. For more information, go to\n535 5.7.8  https://support.google.com/mail/?p=BadCredentials 5b1f17b1804b1-49033d34fd4sm54351685e9.2 - gsmtp\n    at SMTPConnection._formatError (C:\\Users\\niyik\\OneDrive\\Desktop\\MedLinka\\server\\node_modules\\nodemailer\\lib\\smtp-connection\\index.js:887:19)\n    at SMTPConnection._actionAUTHComplete (C:\\Users\\niyik\\OneDrive\\Desktop\\MedLinka\\server\\node_modules\\nodemailer\\lib\\smtp-connection\\index.js:1695:34)\n    at SMTPConnection.<anonymous> (C:\\Users\\niyik\\OneDrive\\Desktop\\MedLinka\\server\\node_modules\\nodemailer\\lib\\smtp-connection\\index.js:626:26)\n    at SMTPConnection._processResponse (C:\\Users\\niyik\\OneDrive\\Desktop\\MedLinka\\server\\node_modules\\nodemailer\\lib\\smtp-connection\\index.js:1072:20)\n    at SMTPConnection._onData (C:\\Users\\niyik\\OneDrive\\Desktop\\MedLinka\\server\\node_modules\\nodemailer\\lib\\smtp-connection\\index.js:847:14)\n    at TLSSocket.SMTPConnection._onSocketData (C:\\Users\\niyik\\OneDrive\\Desktop\\MedLinka\\server\\node_modules\\nodemailer\\lib\\smtp-connection\\index.js:217:44)\n    at TLSSocket.emit (node:events:518:28)\n    at addChunk (node:internal/streams/readable:561:12)\n    at readableAddChunkPushByteMode (node:internal/streams/readable:512:3)\n    at TLSSocket.Readable.push (node:internal/streams/readable:392:5)\n    at TLSWrap.onStreamRead (node:internal/stream_base_commons:189:23)"}
[12:49:43] [31merror[39m: Failed to send registration email to citizen-70037@medlinka.com: Could not send verification email. Please try again. {"stack":"Error: Could not send verification email. Please try again.\n    at Object.sendVerificationEmail (C:\\Users\\niyik\\OneDrive\\Desktop\\MedLinka\\server\\src\\utils\\email.service.ts:48:19)\n    at processTicksAndRejections (node:internal/process/task_queues:105:5)"}
[12:50:10] [31merror[39m: Dispatch failed for request ff6f1204-1fc4-410f-896a-47e0a7490470: Socket.io not initialised
[12:50:11] [31merror[39m: [Email Service] Failed to send verification email to citizen-60155@medlinka.com: Invalid login: 535-5.7.8 Username and Password not accepted. For more information, go to
535 5.7.8  https://support.google.com/mail/?p=BadCredentials 5b1f17b1804b1-490387d16basm7399205e9.35 - gsmtp {"code":"EAUTH","response":"535-5.7.8 Username and Password not accepted. For more information, go to\n535 5.7.8  https://support.google.com/mail/?p=BadCredentials 5b1f17b1804b1-490387d16basm7399205e9.35 - gsmtp","responseCode":535,"command":"AUTH PLAIN","stack":"Error: Invalid login: 535-5.7.8 Username and Password not accepted. For more information, go to\n535 5.7.8  https://support.google.com/mail/?p=BadCredentials 5b1f17b1804b1-490387d16basm7399205e9.35 - gsmtp\n    at SMTPConnection._formatError (C:\\Users\\niyik\\OneDrive\\Desktop\\MedLinka\\server\\node_modules\\nodemailer\\lib\\smtp-connection\\index.js:887:19)\n    at SMTPConnection._actionAUTHComplete (C:\\Users\\niyik\\OneDrive\\Desktop\\MedLinka\\server\\node_modules\\nodemailer\\lib\\smtp-connection\\index.js:1695:34)\n    at SMTPConnection.<anonymous> (C:\\Users\\niyik\\OneDrive\\Desktop\\MedLinka\\server\\node_modules\\nodemailer\\lib\\smtp-connection\\index.js:626:26)\n    at SMTPConnection._processResponse (C:\\Users\\niyik\\OneDrive\\Desktop\\MedLinka\\server\\node_modules\\nodemailer\\lib\\smtp-connection\\index.js:1072:20)\n    at SMTPConnection._onData (C:\\Users\\niyik\\OneDrive\\Desktop\\MedLinka\\server\\node_modules\\nodemailer\\lib\\smtp-connection\\index.js:847:14)\n    at TLSSocket.SMTPConnection._onSocketData (C:\\Users\\niyik\\OneDrive\\Desktop\\MedLinka\\server\\node_modules\\nodemailer\\lib\\smtp-connection\\index.js:217:44)\n    at TLSSocket.emit (node:events:518:28)\n    at addChunk (node:internal/streams/readable:561:12)\n    at readableAddChunkPushByteMode (node:internal/streams/readable:512:3)\n    at TLSSocket.Readable.push (node:internal/streams/readable:392:5)\n    at TLSWrap.onStreamRead (node:internal/stream_base_commons:189:23)"}
[12:50:11] [31merror[39m: Failed to send registration email to citizen-60155@medlinka.com: Could not send verification email. Please try again. {"stack":"Error: Could not send verification email. Please try again.\n    at Object.sendVerificationEmail (C:\\Users\\niyik\\OneDrive\\Desktop\\MedLinka\\server\\src\\utils\\email.service.ts:48:19)\n    at processTicksAndRejections (node:internal/process/task_queues:105:5)"}
[14:33:34] [31merror[39m: [Email Service] Failed to send verification email to citizen-16938@medlinka.com: Invalid login: 535-5.7.8 Username and Password not accepted. For more information, go to
535 5.7.8  https://support.google.com/mail/?p=BadCredentials ffacd0b85a97d-46c1eef84d7sm25907929f8f.16 - gsmtp {"code":"EAUTH","response":"535-5.7.8 Username and Password not accepted. For more information, go to\n535 5.7.8  https://support.google.com/mail/?p=BadCredentials ffacd0b85a97d-46c1eef84d7sm25907929f8f.16 - gsmtp","responseCode":535,"command":"AUTH PLAIN","stack":"Error: Invalid login: 535-5.7.8 Username and Password not accepted. For more information, go to\n535 5.7.8  https://support.google.com/mail/?p=BadCredentials ffacd0b85a97d-46c1eef84d7sm25907929f8f.16 - gsmtp\n    at SMTPConnection._formatError (C:\\Users\\niyik\\OneDrive\\Desktop\\MedLinka\\server\\node_modules\\nodemailer\\lib\\smtp-connection\\index.js:887:19)\n    at SMTPConnection._actionAUTHComplete (C:\\Users\\niyik\\OneDrive\\Desktop\\MedLinka\\server\\node_modules\\nodemailer\\lib\\smtp-connection\\index.js:1695:34)\n    at SMTPConnection.<anonymous> (C:\\Users\\niyik\\OneDrive\\Desktop\\MedLinka\\server\\node_modules\\nodemailer\\lib\\smtp-connection\\index.js:626:26)\n    at SMTPConnection._processResponse (C:\\Users\\niyik\\OneDrive\\Desktop\\MedLinka\\server\\node_modules\\nodemailer\\lib\\smtp-connection\\index.js:1072:20)\n    at SMTPConnection._onData (C:\\Users\\niyik\\OneDrive\\Desktop\\MedLinka\\server\\node_modules\\nodemailer\\lib\\smtp-connection\\index.js:847:14)\n    at TLSSocket.SMTPConnection._onSocketData (C:\\Users\\niyik\\OneDrive\\Desktop\\MedLinka\\server\\node_modules\\nodemailer\\lib\\smtp-connection\\index.js:217:44)\n    at TLSSocket.emit (node:events:518:28)\n    at addChunk (node:internal/streams/readable:561:12)\n    at readableAddChunkPushByteMode (node:internal/streams/readable:512:3)\n    at TLSSocket.Readable.push (node:internal/streams/readable:392:5)\n    at TLSWrap.onStreamRead (node:internal/stream_base_commons:189:23)"}
[14:33:34] [31merror[39m: Failed to send registration email to citizen-16938@medlinka.com: Could not send verification email. Please try again. {"stack":"Error: Could not send verification email. Please try again.\n    at Object.sendVerificationEmail (C:\\Users\\niyik\\OneDrive\\Desktop\\MedLinka\\server\\src\\utils\\email.service.ts:48:19)\n    at processTicksAndRejections (node:internal/process/task_queues:105:5)"}
[14:33:54] [31merror[39m: Dispatch failed for request 95a51c5d-dd05-4186-b6cf-af6f24725b78: No ambulances available at this time
[14:45:14] [31merror[39m: Unhandled error: 
Invalid `prisma.user.findUnique()` invocation in
C:\Users\niyik\OneDrive\Desktop\MedLinka\server\src\middleware\auth.middleware.ts:41:36

  38 };
  39 
  40 // Verify user still exists and is active
→ 41 const user = await prisma.user.findUnique(
Timed out fetching a new connection from the connection pool. More info: http://pris.ly/d/connection-pool (Current connection pool timeout: 10, connection limit: 9) {"stack":"PrismaClientKnownRequestError: \nInvalid `prisma.user.findUnique()` invocation in\nC:\\Users\\niyik\\OneDrive\\Desktop\\MedLinka\\server\\src\\middleware\\auth.middleware.ts:41:36\n\n  38 };\n  39 \n  40 // Verify user still exists and is active\n→ 41 const user = await prisma.user.findUnique(\nTimed out fetching a new connection from the connection pool. More info: http://pris.ly/d/connection-pool (Current connection pool timeout: 10, connection limit: 9)\n    at $n.handleRequestError (C:\\Users\\niyik\\OneDrive\\Desktop\\MedLinka\\server\\node_modules\\@prisma\\client\\runtime\\library.js:121:7315)\n    at $n.handleAndLogRequestError (C:\\Users\\niyik\\OneDrive\\Desktop\\MedLinka\\server\\node_modules\\@prisma\\client\\runtime\\library.js:121:6623)\n    at $n.request (C:\\Users\\niyik\\OneDrive\\Desktop\\MedLinka\\server\\node_modules\\@prisma\\client\\runtime\\library.js:121:6307)\n    at l (C:\\Users\\niyik\\OneDrive\\Desktop\\MedLinka\\server\\node_modules\\@prisma\\client\\runtime\\library.js:130:9633)\n    at authenticate (C:\\Users\\niyik\\OneDrive\\Desktop\\MedLinka\\server\\src\\middleware\\auth.middleware.ts:41:18)"}
[14:45:14] [31merror[39m: Unhandled error: 
Invalid `prisma.user.findUnique()` invocation in
C:\Users\niyik\OneDrive\Desktop\MedLinka\server\src\middleware\auth.middleware.ts:41:36

  38 };
  39 
  40 // Verify user still exists and is active
→ 41 const user = await prisma.user.findUnique(
Server has closed the connection. {"stack":"PrismaClientKnownRequestError: \nInvalid `prisma.user.findUnique()` invocation in\nC:\\Users\\niyik\\OneDrive\\Desktop\\MedLinka\\server\\src\\middleware\\auth.middleware.ts:41:36\n\n  38 };\n  39 \n  40 // Verify user still exists and is active\n→ 41 const user = await prisma.user.findUnique(\nServer has closed the connection.\n    at $n.handleRequestError (C:\\Users\\niyik\\OneDrive\\Desktop\\MedLinka\\server\\node_modules\\@prisma\\client\\runtime\\library.js:121:7315)\n    at $n.handleAndLogRequestError (C:\\Users\\niyik\\OneDrive\\Desktop\\MedLinka\\server\\node_modules\\@prisma\\client\\runtime\\library.js:121:6623)\n    at $n.request (C:\\Users\\niyik\\OneDrive\\Desktop\\MedLinka\\server\\node_modules\\@prisma\\client\\runtime\\library.js:121:6307)\n    at l (C:\\Users\\niyik\\OneDrive\\Desktop\\MedLinka\\server\\node_modules\\@prisma\\client\\runtime\\library.js:130:9633)\n    at authenticate (C:\\Users\\niyik\\OneDrive\\Desktop\\MedLinka\\server\\src\\middleware\\auth.middleware.ts:41:18)"}
[14:45:14] [31merror[39m: Unhandled error: 
Invalid `prisma.emergencyRequest.findMany()` invocation in
C:\Users\niyik\OneDrive\Desktop\MedLinka\server\src\modules\hospital\hospital.service.ts:74:36

  71 
  72 /** Incoming patients for a hospital dashboard */
  73 async getIncomingPatients(hospitalId: string) {
→ 74   return prisma.emergencyRequest.findMany(
Server has closed the connection. {"stack":"PrismaClientKnownRequestError: \nInvalid `prisma.emergencyRequest.findMany()` invocation in\nC:\\Users\\niyik\\OneDrive\\Desktop\\MedLinka\\server\\src\\modules\\hospital\\hospital.service.ts:74:36\n\n  71 \n  72 /** Incoming patients for a hospital dashboard */\n  73 async getIncomingPatients(hospitalId: string) {\n→ 74   return prisma.emergencyRequest.findMany(\nServer has closed the connection.\n    at $n.handleRequestError (C:\\Users\\niyik\\OneDrive\\Desktop\\MedLinka\\server\\node_modules\\@prisma\\client\\runtime\\library.js:121:7315)\n    at $n.handleAndLogRequestError (C:\\Users\\niyik\\OneDrive\\Desktop\\MedLinka\\server\\node_modules\\@prisma\\client\\runtime\\library.js:121:6623)\n    at $n.request (C:\\Users\\niyik\\OneDrive\\Desktop\\MedLinka\\server\\node_modules\\@prisma\\client\\runtime\\library.js:121:6307)\n    at l (C:\\Users\\niyik\\OneDrive\\Desktop\\MedLinka\\server\\node_modules\\@prisma\\client\\runtime\\library.js:130:9633)\n    at incoming (C:\\Users\\niyik\\OneDrive\\Desktop\\MedLinka\\server\\src\\modules\\hospital\\hospital.controller.ts:31:28)"}
[14:45:15] [31merror[39m: Unhandled error: 
Invalid `prisma.user.findUnique()` invocation in
C:\Users\niyik\OneDrive\Desktop\MedLinka\server\src\middleware\auth.middleware.ts:41:36

  38 };
  39 
  40 // Verify user still exists and is active
→ 41 const user = await prisma.user.findUnique(
Can't reach database server at `dpg-d8bd0af7f7vs73bvnpkg-a.oregon-postgres.render.com:5432`

Please make sure your database server is running at `dpg-d8bd0af7f7vs73bvnpkg-a.oregon-postgres.render.com:5432`. {"stack":"PrismaClientKnownRequestError: \nInvalid `prisma.user.findUnique()` invocation in\nC:\\Users\\niyik\\OneDrive\\Desktop\\MedLinka\\server\\src\\middleware\\auth.middleware.ts:41:36\n\n  38 };\n  39 \n  40 // Verify user still exists and is active\n→ 41 const user = await prisma.user.findUnique(\nCan't reach database server at `dpg-d8bd0af7f7vs73bvnpkg-a.oregon-postgres.render.com:5432`\n\nPlease make sure your database server is running at `dpg-d8bd0af7f7vs73bvnpkg-a.oregon-postgres.render.com:5432`.\n    at $n.handleRequestError (C:\\Users\\niyik\\OneDrive\\Desktop\\MedLinka\\server\\node_modules\\@prisma\\client\\runtime\\library.js:121:7315)\n    at $n.handleAndLogRequestError (C:\\Users\\niyik\\OneDrive\\Desktop\\MedLinka\\server\\node_modules\\@prisma\\client\\runtime\\library.js:121:6623)\n    at $n.request (C:\\Users\\niyik\\OneDrive\\Desktop\\MedLinka\\server\\node_modules\\@prisma\\client\\runtime\\library.js:121:6307)\n    at l (C:\\Users\\niyik\\OneDrive\\Desktop\\MedLinka\\server\\node_modules\\@prisma\\client\\runtime\\library.js:130:9633)\n    at authenticate (C:\\Users\\niyik\\OneDrive\\Desktop\\MedLinka\\server\\src\\middleware\\auth.middleware.ts:41:18)"}
[14:45:15] [31merror[39m: Unhandled error: 
Invalid `prisma.user.findUnique()` invocation in
C:\Users\niyik\OneDrive\Desktop\MedLinka\server\src\middleware\auth.middleware.ts:41:36

  38 };
  39 
  40 // Verify user still exists and is active
→ 41 const user = await prisma.user.findUnique(
Can't reach database server at `dpg-d8bd0af7f7vs73bvnpkg-a.oregon-postgres.render.com:5432`

Please make sure your database server is running at `dpg-d8bd0af7f7vs73bvnpkg-a.oregon-postgres.render.com:5432`. {"stack":"PrismaClientKnownRequestError: \nInvalid `prisma.user.findUnique()` invocation in\nC:\\Users\\niyik\\OneDrive\\Desktop\\MedLinka\\server\\src\\middleware\\auth.middleware.ts:41:36\n\n  38 };\n  39 \n  40 // Verify user still exists and is active\n→ 41 const user = await prisma.user.findUnique(\nCan't reach database server at `dpg-d8bd0af7f7vs73bvnpkg-a.oregon-postgres.render.com:5432`\n\nPlease make sure your database server is running at `dpg-d8bd0af7f7vs73bvnpkg-a.oregon-postgres.render.com:5432`.\n    at $n.handleRequestError (C:\\Users\\niyik\\OneDrive\\Desktop\\MedLinka\\server\\node_modules\\@prisma\\client\\runtime\\library.js:121:7315)\n    at $n.handleAndLogRequestError (C:\\Users\\niyik\\OneDrive\\Desktop\\MedLinka\\server\\node_modules\\@prisma\\client\\runtime\\library.js:121:6623)\n    at $n.request (C:\\Users\\niyik\\OneDrive\\Desktop\\MedLinka\\server\\node_modules\\@prisma\\client\\runtime\\library.js:121:6307)\n    at l (C:\\Users\\niyik\\OneDrive\\Desktop\\MedLinka\\server\\node_modules\\@prisma\\client\\runtime\\library.js:130:9633)\n    at authenticate (C:\\Users\\niyik\\OneDrive\\Desktop\\MedLinka\\server\\src\\middleware\\auth.middleware.ts:41:18)"}
[14:45:15] [31merror[39m: Unhandled error: 
Invalid `prisma.user.findUnique()` invocation in
C:\Users\niyik\OneDrive\Desktop\MedLinka\server\src\middleware\auth.middleware.ts:41:36

  38 };
  39 
  40 // Verify user still exists and is active
→ 41 const user = await prisma.user.findUnique(
Can't reach database server at `dpg-d8bd0af7f7vs73bvnpkg-a.oregon-postgres.render.com:5432`

Please make sure your database server is running at `dpg-d8bd0af7f7vs73bvnpkg-a.oregon-postgres.render.com:5432`. {"stack":"PrismaClientKnownRequestError: \nInvalid `prisma.user.findUnique()` invocation in\nC:\\Users\\niyik\\OneDrive\\Desktop\\MedLinka\\server\\src\\middleware\\auth.middleware.ts:41:36\n\n  38 };\n  39 \n  40 // Verify user still exists and is active\n→ 41 const user = await prisma.user.findUnique(\nCan't reach database server at `dpg-d8bd0af7f7vs73bvnpkg-a.oregon-postgres.render.com:5432`\n\nPlease make sure your database server is running at `dpg-d8bd0af7f7vs73bvnpkg-a.oregon-postgres.render.com:5432`.\n    at $n.handleRequestError (C:\\Users\\niyik\\OneDrive\\Desktop\\MedLinka\\server\\node_modules\\@prisma\\client\\runtime\\library.js:121:7315)\n    at $n.handleAndLogRequestError (C:\\Users\\niyik\\OneDrive\\Desktop\\MedLinka\\server\\node_modules\\@prisma\\client\\runtime\\library.js:121:6623)\n    at $n.request (C:\\Users\\niyik\\OneDrive\\Desktop\\MedLinka\\server\\node_modules\\@prisma\\client\\runtime\\library.js:121:6307)\n    at l (C:\\Users\\niyik\\OneDrive\\Desktop\\MedLinka\\server\\node_modules\\@prisma\\client\\runtime\\library.js:130:9633)\n    at authenticate (C:\\Users\\niyik\\OneDrive\\Desktop\\MedLinka\\server\\src\\middleware\\auth.middleware.ts:41:18)"}
[14:45:19] [31merror[39m: Unhandled error: 
Invalid `prisma.user.findUnique()` invocation in
C:\Users\niyik\OneDrive\Desktop\MedLinka\server\src\middleware\auth.middleware.ts:41:36

  38 };
  39 
  40 // Verify user still exists and is active
→ 41 const user = await prisma.user.findUnique(
Can't reach database server at `dpg-d8bd0af7f7vs73bvnpkg-a.oregon-postgres.render.com:5432`

Please make sure your database server is running at `dpg-d8bd0af7f7vs73bvnpkg-a.oregon-postgres.render.com:5432`. {"stack":"PrismaClientKnownRequestError: \nInvalid `prisma.user.findUnique()` invocation in\nC:\\Users\\niyik\\OneDrive\\Desktop\\MedLinka\\server\\src\\middleware\\auth.middleware.ts:41:36\n\n  38 };\n  39 \n  40 // Verify user still exists and is active\n→ 41 const user = await prisma.user.findUnique(\nCan't reach database server at `dpg-d8bd0af7f7vs73bvnpkg-a.oregon-postgres.render.com:5432`\n\nPlease make sure your database server is running at `dpg-d8bd0af7f7vs73bvnpkg-a.oregon-postgres.render.com:5432`.\n    at $n.handleRequestError (C:\\Users\\niyik\\OneDrive\\Desktop\\MedLinka\\server\\node_modules\\@prisma\\client\\runtime\\library.js:121:7315)\n    at $n.handleAndLogRequestError (C:\\Users\\niyik\\OneDrive\\Desktop\\MedLinka\\server\\node_modules\\@prisma\\client\\runtime\\library.js:121:6623)\n    at $n.request (C:\\Users\\niyik\\OneDrive\\Desktop\\MedLinka\\server\\node_modules\\@prisma\\client\\runtime\\library.js:121:6307)\n    at l (C:\\Users\\niyik\\OneDrive\\Desktop\\MedLinka\\server\\node_modules\\@prisma\\client\\runtime\\library.js:130:9633)\n    at authenticate (C:\\Users\\niyik\\OneDrive\\Desktop\\MedLinka\\server\\src\\middleware\\auth.middleware.ts:41:18)"}
[14:45:19] [31merror[39m: Unhandled error: 
Invalid `prisma.user.findUnique()` invocation in
C:\Users\niyik\OneDrive\Desktop\MedLinka\server\src\middleware\auth.middleware.ts:41:36

  38 };
  39 
  40 // Verify user still exists and is active
→ 41 const user = await prisma.user.findUnique(
Can't reach database server at `dpg-d8bd0af7f7vs73bvnpkg-a.oregon-postgres.render.com:5432`

Please make sure your database server is running at `dpg-d8bd0af7f7vs73bvnpkg-a.oregon-postgres.render.com:5432`. {"stack":"PrismaClientKnownRequestError: \nInvalid `prisma.user.findUnique()` invocation in\nC:\\Users\\niyik\\OneDrive\\Desktop\\MedLinka\\server\\src\\middleware\\auth.middleware.ts:41:36\n\n  38 };\n  39 \n  40 // Verify user still exists and is active\n→ 41 const user = await prisma.user.findUnique(\nCan't reach database server at `dpg-d8bd0af7f7vs73bvnpkg-a.oregon-postgres.render.com:5432`\n\nPlease make sure your database server is running at `dpg-d8bd0af7f7vs73bvnpkg-a.oregon-postgres.render.com:5432`.\n    at $n.handleRequestError (C:\\Users\\niyik\\OneDrive\\Desktop\\MedLinka\\server\\node_modules\\@prisma\\client\\runtime\\library.js:121:7315)\n    at $n.handleAndLogRequestError (C:\\Users\\niyik\\OneDrive\\Desktop\\MedLinka\\server\\node_modules\\@prisma\\client\\runtime\\library.js:121:6623)\n    at $n.request (C:\\Users\\niyik\\OneDrive\\Desktop\\MedLinka\\server\\node_modules\\@prisma\\client\\runtime\\library.js:121:6307)\n    at l (C:\\Users\\niyik\\OneDrive\\Desktop\\MedLinka\\server\\node_modules\\@prisma\\client\\runtime\\library.js:130:9633)\n    at authenticate (C:\\Users\\niyik\\OneDrive\\Desktop\\MedLinka\\server\\src\\middleware\\auth.middleware.ts:41:18)"}
[14:45:19] [31merror[39m: Unhandled error: 
Invalid `prisma.user.findUnique()` invocation in
C:\Users\niyik\OneDrive\Desktop\MedLinka\server\src\middleware\auth.middleware.ts:41:36

  38 };
  39 
  40 // Verify user still exists and is active
→ 41 const user = await prisma.user.findUnique(
Can't reach database server at `dpg-d8bd0af7f7vs73bvnpkg-a.oregon-postgres.render.com:5432`

Please make sure your database server is running at `dpg-d8bd0af7f7vs73bvnpkg-a.oregon-postgres.render.com:5432`. {"stack":"PrismaClientKnownRequestError: \nInvalid `prisma.user.findUnique()` invocation in\nC:\\Users\\niyik\\OneDrive\\Desktop\\MedLinka\\server\\src\\middleware\\auth.middleware.ts:41:36\n\n  38 };\n  39 \n  40 // Verify user still exists and is active\n→ 41 const user = await prisma.user.findUnique(\nCan't reach database server at `dpg-d8bd0af7f7vs73bvnpkg-a.oregon-postgres.render.com:5432`\n\nPlease make sure your database server is running at `dpg-d8bd0af7f7vs73bvnpkg-a.oregon-postgres.render.com:5432`.\n    at $n.handleRequestError (C:\\Users\\niyik\\OneDrive\\Desktop\\MedLinka\\server\\node_modules\\@prisma\\client\\runtime\\library.js:121:7315)\n    at $n.handleAndLogRequestError (C:\\Users\\niyik\\OneDrive\\Desktop\\MedLinka\\server\\node_modules\\@prisma\\client\\runtime\\library.js:121:6623)\n    at $n.request (C:\\Users\\niyik\\OneDrive\\Desktop\\MedLinka\\server\\node_modules\\@prisma\\client\\runtime\\library.js:121:6307)\n    at l (C:\\Users\\niyik\\OneDrive\\Desktop\\MedLinka\\server\\node_modules\\@prisma\\client\\runtime\\library.js:130:9633)\n    at authenticate (C:\\Users\\niyik\\OneDrive\\Desktop\\MedLinka\\server\\src\\middleware\\auth.middleware.ts:41:18)"}
[14:45:20] [31merror[39m: Unhandled error: 
Invalid `prisma.user.findUnique()` invocation in
C:\Users\niyik\OneDrive\Desktop\MedLinka\server\src\middleware\auth.middleware.ts:41:36

  38 };
  39 
  40 // Verify user still exists and is active
→ 41 const user = await prisma.user.findUnique(
Can't reach database server at `dpg-d8bd0af7f7vs73bvnpkg-a.oregon-postgres.render.com:5432`

Please make sure your database server is running at `dpg-d8bd0af7f7vs73bvnpkg-a.oregon-postgres.render.com:5432`. {"stack":"PrismaClientKnownRequestError: \nInvalid `prisma.user.findUnique()` invocation in\nC:\\Users\\niyik\\OneDrive\\Desktop\\MedLinka\\server\\src\\middleware\\auth.middleware.ts:41:36\n\n  38 };\n  39 \n  40 // Verify user still exists and is active\n→ 41 const user = await prisma.user.findUnique(\nCan't reach database server at `dpg-d8bd0af7f7vs73bvnpkg-a.oregon-postgres.render.com:5432`\n\nPlease make sure your database server is running at `dpg-d8bd0af7f7vs73bvnpkg-a.oregon-postgres.render.com:5432`.\n    at $n.handleRequestError (C:\\Users\\niyik\\OneDrive\\Desktop\\MedLinka\\server\\node_modules\\@prisma\\client\\runtime\\library.js:121:7315)\n    at $n.handleAndLogRequestError (C:\\Users\\niyik\\OneDrive\\Desktop\\MedLinka\\server\\node_modules\\@prisma\\client\\runtime\\library.js:121:6623)\n    at $n.request (C:\\Users\\niyik\\OneDrive\\Desktop\\MedLinka\\server\\node_modules\\@prisma\\client\\runtime\\library.js:121:6307)\n    at l (C:\\Users\\niyik\\OneDrive\\Desktop\\MedLinka\\server\\node_modules\\@prisma\\client\\runtime\\library.js:130:9633)\n    at authenticate (C:\\Users\\niyik\\OneDrive\\Desktop\\MedLinka\\server\\src\\middleware\\auth.middleware.ts:41:18)"}
[14:45:20] [31merror[39m: Unhandled error: 
Invalid `prisma.user.findUnique()` invocation in
C:\Users\niyik\OneDrive\Desktop\MedLinka\server\src\middleware\auth.middleware.ts:41:36

  38 };
  39 
  40 // Verify user still exists and is active
→ 41 const user = await prisma.user.findUnique(
Can't reach database server at `dpg-d8bd0af7f7vs73bvnpkg-a.oregon-postgres.render.com:5432`

Please make sure your database server is running at `dpg-d8bd0af7f7vs73bvnpkg-a.oregon-postgres.render.com:5432`. {"stack":"PrismaClientKnownRequestError: \nInvalid `prisma.user.findUnique()` invocation in\nC:\\Users\\niyik\\OneDrive\\Desktop\\MedLinka\\server\\src\\middleware\\auth.middleware.ts:41:36\n\n  38 };\n  39 \n  40 // Verify user still exists and is active\n→ 41 const user = await prisma.user.findUnique(\nCan't reach database server at `dpg-d8bd0af7f7vs73bvnpkg-a.oregon-postgres.render.com:5432`\n\nPlease make sure your database server is running at `dpg-d8bd0af7f7vs73bvnpkg-a.oregon-postgres.render.com:5432`.\n    at $n.handleRequestError (C:\\Users\\niyik\\OneDrive\\Desktop\\MedLinka\\server\\node_modules\\@prisma\\client\\runtime\\library.js:121:7315)\n    at $n.handleAndLogRequestError (C:\\Users\\niyik\\OneDrive\\Desktop\\MedLinka\\server\\node_modules\\@prisma\\client\\runtime\\library.js:121:6623)\n    at $n.request (C:\\Users\\niyik\\OneDrive\\Desktop\\MedLinka\\server\\node_modules\\@prisma\\client\\runtime\\library.js:121:6307)\n    at l (C:\\Users\\niyik\\OneDrive\\Desktop\\MedLinka\\server\\node_modules\\@prisma\\client\\runtime\\library.js:130:9633)\n    at authenticate (C:\\Users\\niyik\\OneDrive\\Desktop\\MedLinka\\server\\src\\middleware\\auth.middleware.ts:41:18)"}
[14:45:20] [31merror[39m: Unhandled error: 
Invalid `prisma.user.findUnique()` invocation in
C:\Users\niyik\OneDrive\Desktop\MedLinka\server\src\middleware\auth.middleware.ts:41:36

  38 };
  39 
  40 // Verify user still exists and is active
→ 41 const user = await prisma.user.findUnique(
Can't reach database server at `dpg-d8bd0af7f7vs73bvnpkg-a.oregon-postgres.render.com:5432`

Please make sure your database server is running at `dpg-d8bd0af7f7vs73bvnpkg-a.oregon-postgres.render.com:5432`. {"stack":"PrismaClientKnownRequestError: \nInvalid `prisma.user.findUnique()` invocation in\nC:\\Users\\niyik\\OneDrive\\Desktop\\MedLinka\\server\\src\\middleware\\auth.middleware.ts:41:36\n\n  38 };\n  39 \n  40 // Verify user still exists and is active\n→ 41 const user = await prisma.user.findUnique(\nCan't reach database server at `dpg-d8bd0af7f7vs73bvnpkg-a.oregon-postgres.render.com:5432`\n\nPlease make sure your database server is running at `dpg-d8bd0af7f7vs73bvnpkg-a.oregon-postgres.render.com:5432`.\n    at $n.handleRequestError (C:\\Users\\niyik\\OneDrive\\Desktop\\MedLinka\\server\\node_modules\\@prisma\\client\\runtime\\library.js:121:7315)\n    at $n.handleAndLogRequestError (C:\\Users\\niyik\\OneDrive\\Desktop\\MedLinka\\server\\node_modules\\@prisma\\client\\runtime\\library.js:121:6623)\n    at $n.request (C:\\Users\\niyik\\OneDrive\\Desktop\\MedLinka\\server\\node_modules\\@prisma\\client\\runtime\\library.js:121:6307)\n    at l (C:\\Users\\niyik\\OneDrive\\Desktop\\MedLinka\\server\\node_modules\\@prisma\\client\\runtime\\library.js:130:9633)\n    at authenticate (C:\\Users\\niyik\\OneDrive\\Desktop\\MedLinka\\server\\src\\middleware\\auth.middleware.ts:41:18)"}
[14:45:24] [31merror[39m: Unhandled error: 
Invalid `prisma.user.findUnique()` invocation in
C:\Users\niyik\OneDrive\Desktop\MedLinka\server\src\middleware\auth.middleware.ts:41:36

  38 };
  39 
  40 // Verify user still exists and is active
→ 41 const user = await prisma.user.findUnique(
Can't reach database server at `dpg-d8bd0af7f7vs73bvnpkg-a.oregon-postgres.render.com:5432`

Please make sure your database server is running at `dpg-d8bd0af7f7vs73bvnpkg-a.oregon-postgres.render.com:5432`. {"stack":"PrismaClientKnownRequestError: \nInvalid `prisma.user.findUnique()` invocation in\nC:\\Users\\niyik\\OneDrive\\Desktop\\MedLinka\\server\\src\\middleware\\auth.middleware.ts:41:36\n\n  38 };\n  39 \n  40 // Verify user still exists and is active\n→ 41 const user = await prisma.user.findUnique(\nCan't reach database server at `dpg-d8bd0af7f7vs73bvnpkg-a.oregon-postgres.render.com:5432`\n\nPlease make sure your database server is running at `dpg-d8bd0af7f7vs73bvnpkg-a.oregon-postgres.render.com:5432`.\n    at $n.handleRequestError (C:\\Users\\niyik\\OneDrive\\Desktop\\MedLinka\\server\\node_modules\\@prisma\\client\\runtime\\library.js:121:7315)\n    at $n.handleAndLogRequestError (C:\\Users\\niyik\\OneDrive\\Desktop\\MedLinka\\server\\node_modules\\@prisma\\client\\runtime\\library.js:121:6623)\n    at $n.request (C:\\Users\\niyik\\OneDrive\\Desktop\\MedLinka\\server\\node_modules\\@prisma\\client\\runtime\\library.js:121:6307)\n    at l (C:\\Users\\niyik\\OneDrive\\Desktop\\MedLinka\\server\\node_modules\\@prisma\\client\\runtime\\library.js:130:9633)\n    at authenticate (C:\\Users\\niyik\\OneDrive\\Desktop\\MedLinka\\server\\src\\middleware\\auth.middleware.ts:41:18)"}
[14:45:25] [31merror[39m: Unhandled error: 
Invalid `prisma.user.findUnique()` invocation in
C:\Users\niyik\OneDrive\Desktop\MedLinka\server\src\middleware\auth.middleware.ts:41:36

  38 };
  39 
  40 // Verify user still exists and is active
→ 41 const user = await prisma.user.findUnique(
Can't reach database server at `dpg-d8bd0af7f7vs73bvnpkg-a.oregon-postgres.render.com:5432`

Please make sure your database server is running at `dpg-d8bd0af7f7vs73bvnpkg-a.oregon-postgres.render.com:5432`. {"stack":"PrismaClientKnownRequestError: \nInvalid `prisma.user.findUnique()` invocation in\nC:\\Users\\niyik\\OneDrive\\Desktop\\MedLinka\\server\\src\\middleware\\auth.middleware.ts:41:36\n\n  38 };\n  39 \n  40 // Verify user still exists and is active\n→ 41 const user = await prisma.user.findUnique(\nCan't reach database server at `dpg-d8bd0af7f7vs73bvnpkg-a.oregon-postgres.render.com:5432`\n\nPlease make sure your database server is running at `dpg-d8bd0af7f7vs73bvnpkg-a.oregon-postgres.render.com:5432`.\n    at $n.handleRequestError (C:\\Users\\niyik\\OneDrive\\Desktop\\MedLinka\\server\\node_modules\\@prisma\\client\\runtime\\library.js:121:7315)\n    at $n.handleAndLogRequestError (C:\\Users\\niyik\\OneDrive\\Desktop\\MedLinka\\server\\node_modules\\@prisma\\client\\runtime\\library.js:121:6623)\n    at $n.request (C:\\Users\\niyik\\OneDrive\\Desktop\\MedLinka\\server\\node_modules\\@prisma\\client\\runtime\\library.js:121:6307)\n    at l (C:\\Users\\niyik\\OneDrive\\Desktop\\MedLinka\\server\\node_modules\\@prisma\\client\\runtime\\library.js:130:9633)\n    at authenticate (C:\\Users\\niyik\\OneDrive\\Desktop\\MedLinka\\server\\src\\middleware\\auth.middleware.ts:41:18)"}
[14:45:30] [31merror[39m: Unhandled error: 
Invalid `prisma.user.findUnique()` invocation in
C:\Users\niyik\OneDrive\Desktop\MedLinka\server\src\middleware\auth.middleware.ts:41:36

  38 };
  39 
  40 // Verify user still exists and is active
→ 41 const user = await prisma.user.findUnique(
Can't reach database server at `dpg-d8bd0af7f7vs73bvnpkg-a.oregon-postgres.render.com:5432`

Please make sure your database server is running at `dpg-d8bd0af7f7vs73bvnpkg-a.oregon-postgres.render.com:5432`. {"stack":"PrismaClientKnownRequestError: \nInvalid `prisma.user.findUnique()` invocation in\nC:\\Users\\niyik\\OneDrive\\Desktop\\MedLinka\\server\\src\\middleware\\auth.middleware.ts:41:36\n\n  38 };\n  39 \n  40 // Verify user still exists and is active\n→ 41 const user = await prisma.user.findUnique(\nCan't reach database server at `dpg-d8bd0af7f7vs73bvnpkg-a.oregon-postgres.render.com:5432`\n\nPlease make sure your database server is running at `dpg-d8bd0af7f7vs73bvnpkg-a.oregon-postgres.render.com:5432`.\n    at $n.handleRequestError (C:\\Users\\niyik\\OneDrive\\Desktop\\MedLinka\\server\\node_modules\\@prisma\\client\\runtime\\library.js:121:7315)\n    at $n.handleAndLogRequestError (C:\\Users\\niyik\\OneDrive\\Desktop\\MedLinka\\server\\node_modules\\@prisma\\client\\runtime\\library.js:121:6623)\n    at $n.request (C:\\Users\\niyik\\OneDrive\\Desktop\\MedLinka\\server\\node_modules\\@prisma\\client\\runtime\\library.js:121:6307)\n    at l (C:\\Users\\niyik\\OneDrive\\Desktop\\MedLinka\\server\\node_modules\\@prisma\\client\\runtime\\library.js:130:9633)\n    at authenticate (C:\\Users\\niyik\\OneDrive\\Desktop\\MedLinka\\server\\src\\middleware\\auth.middleware.ts:41:18)"}
[14:51:52] [31merror[39m: Unhandled error: 
Invalid `prisma.user.findUnique()` invocation in
C:\Users\niyik\OneDrive\Desktop\MedLinka\server\src\middleware\auth.middleware.ts:41:36

  38 };
  39 
  40 // Verify user still exists and is active
→ 41 const user = await prisma.user.findUnique(
Can't reach database server at `dpg-d8bd0af7f7vs73bvnpkg-a.oregon-postgres.render.com:5432`

Please make sure your database server is running at `dpg-d8bd0af7f7vs73bvnpkg-a.oregon-postgres.render.com:5432`. {"stack":"PrismaClientKnownRequestError: \nInvalid `prisma.user.findUnique()` invocation in\nC:\\Users\\niyik\\OneDrive\\Desktop\\MedLinka\\server\\src\\middleware\\auth.middleware.ts:41:36\n\n  38 };\n  39 \n  40 // Verify user still exists and is active\n→ 41 const user = await prisma.user.findUnique(\nCan't reach database server at `dpg-d8bd0af7f7vs73bvnpkg-a.oregon-postgres.render.com:5432`\n\nPlease make sure your database server is running at `dpg-d8bd0af7f7vs73bvnpkg-a.oregon-postgres.render.com:5432`.\n    at $n.handleRequestError (C:\\Users\\niyik\\OneDrive\\Desktop\\MedLinka\\server\\node_modules\\@prisma\\client\\runtime\\library.js:121:7315)\n    at $n.handleAndLogRequestError (C:\\Users\\niyik\\OneDrive\\Desktop\\MedLinka\\server\\node_modules\\@prisma\\client\\runtime\\library.js:121:6623)\n    at $n.request (C:\\Users\\niyik\\OneDrive\\Desktop\\MedLinka\\server\\node_modules\\@prisma\\client\\runtime\\library.js:121:6307)\n    at l (C:\\Users\\niyik\\OneDrive\\Desktop\\MedLinka\\server\\node_modules\\@prisma\\client\\runtime\\library.js:130:9633)\n    at authenticate (C:\\Users\\niyik\\OneDrive\\Desktop\\MedLinka\\server\\src\\middleware\\auth.middleware.ts:41:18)"}
[14:51:53] [31merror[39m: Unhandled error: 
Invalid `prisma.user.findUnique()` invocation in
C:\Users\niyik\OneDrive\Desktop\MedLinka\server\src\middleware\auth.middleware.ts:41:36

  38 };
  39 
  40 // Verify user still exists and is active
→ 41 const user = await prisma.user.findUnique(
Can't reach database server at `dpg-d8bd0af7f7vs73bvnpkg-a.oregon-postgres.render.com:5432`

Please make sure your database server is running at `dpg-d8bd0af7f7vs73bvnpkg-a.oregon-postgres.render.com:5432`. {"stack":"PrismaClientKnownRequestError: \nInvalid `prisma.user.findUnique()` invocation in\nC:\\Users\\niyik\\OneDrive\\Desktop\\MedLinka\\server\\src\\middleware\\auth.middleware.ts:41:36\n\n  38 };\n  39 \n  40 // Verify user still exists and is active\n→ 41 const user = await prisma.user.findUnique(\nCan't reach database server at `dpg-d8bd0af7f7vs73bvnpkg-a.oregon-postgres.render.com:5432`\n\nPlease make sure your database server is running at `dpg-d8bd0af7f7vs73bvnpkg-a.oregon-postgres.render.com:5432`.\n    at $n.handleRequestError (C:\\Users\\niyik\\OneDrive\\Desktop\\MedLinka\\server\\node_modules\\@prisma\\client\\runtime\\library.js:121:7315)\n    at $n.handleAndLogRequestError (C:\\Users\\niyik\\OneDrive\\Desktop\\MedLinka\\server\\node_modules\\@prisma\\client\\runtime\\library.js:121:6623)\n    at $n.request (C:\\Users\\niyik\\OneDrive\\Desktop\\MedLinka\\server\\node_modules\\@prisma\\client\\runtime\\library.js:121:6307)\n    at l (C:\\Users\\niyik\\OneDrive\\Desktop\\MedLinka\\server\\node_modules\\@prisma\\client\\runtime\\library.js:130:9633)\n    at authenticate (C:\\Users\\niyik\\OneDrive\\Desktop\\MedLinka\\server\\src\\middleware\\auth.middleware.ts:41:18)"}
[14:51:54] [31merror[39m: Unhandled error: 
Invalid `prisma.user.findUnique()` invocation in
C:\Users\niyik\OneDrive\Desktop\MedLinka\server\src\middleware\auth.middleware.ts:41:36

  38 };
  39 
  40 // Verify user still exists and is active
→ 41 const user = await prisma.user.findUnique(
Can't reach database server at `dpg-d8bd0af7f7vs73bvnpkg-a.oregon-postgres.render.com:5432`

Please make sure your database server is running at `dpg-d8bd0af7f7vs73bvnpkg-a.oregon-postgres.render.com:5432`. {"stack":"PrismaClientKnownRequestError: \nInvalid `prisma.user.findUnique()` invocation in\nC:\\Users\\niyik\\OneDrive\\Desktop\\MedLinka\\server\\src\\middleware\\auth.middleware.ts:41:36\n\n  38 };\n  39 \n  40 // Verify user still exists and is active\n→ 41 const user = await prisma.user.findUnique(\nCan't reach database server at `dpg-d8bd0af7f7vs73bvnpkg-a.oregon-postgres.render.com:5432`\n\nPlease make sure your database server is running at `dpg-d8bd0af7f7vs73bvnpkg-a.oregon-postgres.render.com:5432`.\n    at $n.handleRequestError (C:\\Users\\niyik\\OneDrive\\Desktop\\MedLinka\\server\\node_modules\\@prisma\\client\\runtime\\library.js:121:7315)\n    at $n.handleAndLogRequestError (C:\\Users\\niyik\\OneDrive\\Desktop\\MedLinka\\server\\node_modules\\@prisma\\client\\runtime\\library.js:121:6623)\n    at $n.request (C:\\Users\\niyik\\OneDrive\\Desktop\\MedLinka\\server\\node_modules\\@prisma\\client\\runtime\\library.js:121:6307)\n    at l (C:\\Users\\niyik\\OneDrive\\Desktop\\MedLinka\\server\\node_modules\\@prisma\\client\\runtime\\library.js:130:9633)\n    at authenticate (C:\\Users\\niyik\\OneDrive\\Desktop\\MedLinka\\server\\src\\middleware\\auth.middleware.ts:41:18)"}
[14:51:55] [31merror[39m: Unhandled error: 
Invalid `prisma.user.findUnique()` invocation in
C:\Users\niyik\OneDrive\Desktop\MedLinka\server\src\middleware\auth.middleware.ts:41:36

  38 };
  39 
  40 // Verify user still exists and is active
→ 41 const user = await prisma.user.findUnique(
Server has closed the connection. {"stack":"PrismaClientKnownRequestError: \nInvalid `prisma.user.findUnique()` invocation in\nC:\\Users\\niyik\\OneDrive\\Desktop\\MedLinka\\server\\src\\middleware\\auth.middleware.ts:41:36\n\n  38 };\n  39 \n  40 // Verify user still exists and is active\n→ 41 const user = await prisma.user.findUnique(\nServer has closed the connection.\n    at $n.handleRequestError (C:\\Users\\niyik\\OneDrive\\Desktop\\MedLinka\\server\\node_modules\\@prisma\\client\\runtime\\library.js:121:7315)\n    at $n.handleAndLogRequestError (C:\\Users\\niyik\\OneDrive\\Desktop\\MedLinka\\server\\node_modules\\@prisma\\client\\runtime\\library.js:121:6623)\n    at $n.request (C:\\Users\\niyik\\OneDrive\\Desktop\\MedLinka\\server\\node_modules\\@prisma\\client\\runtime\\library.js:121:6307)\n    at l (C:\\Users\\niyik\\OneDrive\\Desktop\\MedLinka\\server\\node_modules\\@prisma\\client\\runtime\\library.js:130:9633)\n    at authenticate (C:\\Users\\niyik\\OneDrive\\Desktop\\MedLinka\\server\\src\\middleware\\auth.middleware.ts:41:18)"}
[14:51:57] [31merror[39m: Unhandled error: 
Invalid `prisma.user.findUnique()` invocation in
C:\Users\niyik\OneDrive\Desktop\MedLinka\server\src\middleware\auth.middleware.ts:41:36

  38 };
  39 
  40 // Verify user still exists and is active
→ 41 const user = await prisma.user.findUnique(
Timed out fetching a new connection from the connection pool. More info: http://pris.ly/d/connection-pool (Current connection pool timeout: 10, connection limit: 9) {"stack":"PrismaClientKnownRequestError: \nInvalid `prisma.user.findUnique()` invocation in\nC:\\Users\\niyik\\OneDrive\\Desktop\\MedLinka\\server\\src\\middleware\\auth.middleware.ts:41:36\n\n  38 };\n  39 \n  40 // Verify user still exists and is active\n→ 41 const user = await prisma.user.findUnique(\nTimed out fetching a new connection from the connection pool. More info: http://pris.ly/d/connection-pool (Current connection pool timeout: 10, connection limit: 9)\n    at $n.handleRequestError (C:\\Users\\niyik\\OneDrive\\Desktop\\MedLinka\\server\\node_modules\\@prisma\\client\\runtime\\library.js:121:7315)\n    at $n.handleAndLogRequestError (C:\\Users\\niyik\\OneDrive\\Desktop\\MedLinka\\server\\node_modules\\@prisma\\client\\runtime\\library.js:121:6623)\n    at $n.request (C:\\Users\\niyik\\OneDrive\\Desktop\\MedLinka\\server\\node_modules\\@prisma\\client\\runtime\\library.js:121:6307)\n    at l (C:\\Users\\niyik\\OneDrive\\Desktop\\MedLinka\\server\\node_modules\\@prisma\\client\\runtime\\library.js:130:9633)\n    at authenticate (C:\\Users\\niyik\\OneDrive\\Desktop\\MedLinka\\server\\src\\middleware\\auth.middleware.ts:41:18)"}
[14:51:57] [31merror[39m: Unhandled error: 
Invalid `prisma.emergencyRequest.findMany()` invocation in
C:\Users\niyik\OneDrive\Desktop\MedLinka\server\src\modules\hospital\hospital.service.ts:74:36

  71 
  72 /** Incoming patients for a hospital dashboard */
  73 async getIncomingPatients(hospitalId: string) {
→ 74   return prisma.emergencyRequest.findMany(
Server has closed the connection. {"stack":"PrismaClientKnownRequestError: \nInvalid `prisma.emergencyRequest.findMany()` invocation in\nC:\\Users\\niyik\\OneDrive\\Desktop\\MedLinka\\server\\src\\modules\\hospital\\hospital.service.ts:74:36\n\n  71 \n  72 /** Incoming patients for a hospital dashboard */\n  73 async getIncomingPatients(hospitalId: string) {\n→ 74   return prisma.emergencyRequest.findMany(\nServer has closed the connection.\n    at $n.handleRequestError (C:\\Users\\niyik\\OneDrive\\Desktop\\MedLinka\\server\\node_modules\\@prisma\\client\\runtime\\library.js:121:7315)\n    at $n.handleAndLogRequestError (C:\\Users\\niyik\\OneDrive\\Desktop\\MedLinka\\server\\node_modules\\@prisma\\client\\runtime\\library.js:121:6623)\n    at $n.request (C:\\Users\\niyik\\OneDrive\\Desktop\\MedLinka\\server\\node_modules\\@prisma\\client\\runtime\\library.js:121:6307)\n    at l (C:\\Users\\niyik\\OneDrive\\Desktop\\MedLinka\\server\\node_modules\\@prisma\\client\\runtime\\library.js:130:9633)\n    at incoming (C:\\Users\\niyik\\OneDrive\\Desktop\\MedLinka\\server\\src\\modules\\hospital\\hospital.controller.ts:31:28)"}
[14:51:57] [31merror[39m: Unhandled error: 
Invalid `prisma.user.findUnique()` invocation in
C:\Users\niyik\OneDrive\Desktop\MedLinka\server\src\middleware\auth.middleware.ts:41:36

  38 };
  39 
  40 // Verify user still exists and is active
→ 41 const user = await prisma.user.findUnique(
Can't reach database server at `dpg-d8bd0af7f7vs73bvnpkg-a.oregon-postgres.render.com:5432`

Please make sure your database server is running at `dpg-d8bd0af7f7vs73bvnpkg-a.oregon-postgres.render.com:5432`. {"stack":"PrismaClientKnownRequestError: \nInvalid `prisma.user.findUnique()` invocation in\nC:\\Users\\niyik\\OneDrive\\Desktop\\MedLinka\\server\\src\\middleware\\auth.middleware.ts:41:36\n\n  38 };\n  39 \n  40 // Verify user still exists and is active\n→ 41 const user = await prisma.user.findUnique(\nCan't reach database server at `dpg-d8bd0af7f7vs73bvnpkg-a.oregon-postgres.render.com:5432`\n\nPlease make sure your database server is running at `dpg-d8bd0af7f7vs73bvnpkg-a.oregon-postgres.render.com:5432`.\n    at $n.handleRequestError (C:\\Users\\niyik\\OneDrive\\Desktop\\MedLinka\\server\\node_modules\\@prisma\\client\\runtime\\library.js:121:7315)\n    at $n.handleAndLogRequestError (C:\\Users\\niyik\\OneDrive\\Desktop\\MedLinka\\server\\node_modules\\@prisma\\client\\runtime\\library.js:121:6623)\n    at $n.request (C:\\Users\\niyik\\OneDrive\\Desktop\\MedLinka\\server\\node_modules\\@prisma\\client\\runtime\\library.js:121:6307)\n    at l (C:\\Users\\niyik\\OneDrive\\Desktop\\MedLinka\\server\\node_modules\\@prisma\\client\\runtime\\library.js:130:9633)\n    at authenticate (C:\\Users\\niyik\\OneDrive\\Desktop\\MedLinka\\server\\src\\middleware\\auth.middleware.ts:41:18)"}
[14:51:58] [31merror[39m: Unhandled error: 
Invalid `prisma.user.findUnique()` invocation in
C:\Users\niyik\OneDrive\Desktop\MedLinka\server\src\middleware\auth.middleware.ts:41:36

  38 };
  39 
  40 // Verify user still exists and is active
→ 41 const user = await prisma.user.findUnique(
Can't reach database server at `dpg-d8bd0af7f7vs73bvnpkg-a.oregon-postgres.render.com:5432`

Please make sure your database server is running at `dpg-d8bd0af7f7vs73bvnpkg-a.oregon-postgres.render.com:5432`. {"stack":"PrismaClientKnownRequestError: \nInvalid `prisma.user.findUnique()` invocation in\nC:\\Users\\niyik\\OneDrive\\Desktop\\MedLinka\\server\\src\\middleware\\auth.middleware.ts:41:36\n\n  38 };\n  39 \n  40 // Verify user still exists and is active\n→ 41 const user = await prisma.user.findUnique(\nCan't reach database server at `dpg-d8bd0af7f7vs73bvnpkg-a.oregon-postgres.render.com:5432`\n\nPlease make sure your database server is running at `dpg-d8bd0af7f7vs73bvnpkg-a.oregon-postgres.render.com:5432`.\n    at $n.handleRequestError (C:\\Users\\niyik\\OneDrive\\Desktop\\MedLinka\\server\\node_modules\\@prisma\\client\\runtime\\library.js:121:7315)\n    at $n.handleAndLogRequestError (C:\\Users\\niyik\\OneDrive\\Desktop\\MedLinka\\server\\node_modules\\@prisma\\client\\runtime\\library.js:121:6623)\n    at $n.request (C:\\Users\\niyik\\OneDrive\\Desktop\\MedLinka\\server\\node_modules\\@prisma\\client\\runtime\\library.js:121:6307)\n    at l (C:\\Users\\niyik\\OneDrive\\Desktop\\MedLinka\\server\\node_modules\\@prisma\\client\\runtime\\library.js:130:9633)\n    at authenticate (C:\\Users\\niyik\\OneDrive\\Desktop\\MedLinka\\server\\src\\middleware\\auth.middleware.ts:41:18)"}
[15:41:26] [31merror[39m: ❌ Failed to start server: Can't reach database server at `dpg-d8bd0af7f7vs73bvnpkg-a.oregon-postgres.render.com:5432`

Please make sure your database server is running at `dpg-d8bd0af7f7vs73bvnpkg-a.oregon-postgres.render.com:5432`.
[15:42:59] [31merror[39m: ❌ Failed to start server: Can't reach database server at `dpg-d8bd0af7f7vs73bvnpkg-a.oregon-postgres.render.com:5432`

Please make sure your database server is running at `dpg-d8bd0af7f7vs73bvnpkg-a.oregon-postgres.render.com:5432`.
[15:43:50] [31merror[39m: ❌ Failed to start server: Can't reach database server at `dpg-d8bd0af7f7vs73bvnpkg-a.oregon-postgres.render.com:5432`

Please make sure your database server is running at `dpg-d8bd0af7f7vs73bvnpkg-a.oregon-postgres.render.com:5432`.
